#
# There is insufficient memory for the Java Runtime Environment to continue.
# Native memory allocation (malloc) failed to allocate 1294256 bytes. Error detail: Chunk::new
# Possible reasons:
#   The system is out of physical RAM or swap space
#   This process is running with CompressedOops enabled, and the Java Heap may be blocking the growth of the native heap
# Possible solutions:
#   Reduce memory load on the system
#   Increase physical memory or swap space
#   Check if swap backing store is full
#   Decrease Java heap size (-Xmx/-Xms)
#   Decrease number of Java threads
#   Decrease Java thread stack sizes (-Xss)
#   Set larger code cache with -XX:ReservedCodeCacheSize=
#   JVM is running with Unscaled Compressed Oops mode in which the Java heap is
#     placed in the first 4GB address space. The Java Heap base address is the
#     maximum limit for the native heap growth. Please use -XX:HeapBaseMinAddress
#     to set the Java Heap base and to place the Java Heap above 4GB virtual address.
# This output file may be truncated or incomplete.
#
#  Out of Memory Error (arena.cpp:168), pid=8340, tid=6884
#
# JRE version: OpenJDK Runtime Environment Temurin-21.0.11+10 (21.0.11+10) (build 21.0.11+10-LTS)
# Java VM: OpenJDK 64-Bit Server VM Temurin-21.0.11+10 (21.0.11+10-LTS, mixed mode, sharing, tiered, compressed oops, compressed class ptrs, parallel gc, windows-amd64)
# No core dump will be written. Minidumps are not enabled by default on client versions of Windows
#

---------------  S U M M A R Y ------------

Command Line: --add-modules=ALL-SYSTEM --add-opens=java.base/java.util=ALL-UNNAMED --add-opens=java.base/java.lang=ALL-UNNAMED --add-opens=java.base/sun.nio.fs=ALL-UNNAMED -Declipse.application=org.eclipse.jdt.ls.core.id1 -Dosgi.bundles.defaultStartLevel=4 -Declipse.product=org.eclipse.jdt.ls.core.product -Djava.import.generatesMetadataFilesAtProjectRoot=false -DDetectVMInstallationsJob.disabled=true -Dfile.encoding=utf8 -XX:+UseParallelGC -XX:GCTimeRatio=4 -XX:AdaptiveSizePolicyWeight=90 -Dsun.zip.disableMemoryMapping=true -Xmx2G -Xms100m -Xlog:disable -javaagent:c:\Users\bedip\.antigravity-ide\extensions\redhat.java-1.55.0-win32-x64\lombok\lombok-1.18.39-4050.jar -XX:+HeapDumpOnOutOfMemoryError -XX:HeapDumpPath=c:\Users\bedip\AppData\Roaming\Antigravity IDE\User\workspaceStorage\630dc4ba4b6e81da83a7e6eea18f3f40\redhat.java -Daether.dependencyCollector.impl=bf c:\Users\bedip\.antigravity-ide\extensions\redhat.java-1.55.0-win32-x64\server\plugins\org.eclipse.equinox.launcher_1.7.200.v20260619-2039.jar -configuration c:\Users\bedip\AppData\Roaming\Antigravity IDE\User\globalStorage\redhat.java\1.55.0\config_win -data c:\Users\bedip\AppData\Roaming\Antigravity IDE\User\workspaceStorage\630dc4ba4b6e81da83a7e6eea18f3f40\redhat.java\jdt_ws --pipe=\\.\pipe\lsp-6dfb606679b280434bb333c949cecad9-sock

Host: 12th Gen Intel(R) Core(TM) i5-12450H, 12 cores, 15G,  Windows 11 , 64 bit Build 26100 (10.0.26100.8737)
Time: Sun Jun 28 17:04:53 2026 India Standard Time elapsed time: 6985.816552 seconds (0d 1h 56m 25s)

---------------  T H R E A D  ---------------

Current thread (0x000001e4280f48a0):  JavaThread "C2 CompilerThread0" daemon [_thread_in_native, id=6884, stack(0x0000000837500000,0x0000000837600000) (1024K)]


Current CompileTask:
C2:6985816 20223       4       org.eclipse.jdt.internal.compiler.lookup.BinaryTypeBinding::createMethod (1666 bytes)

Stack: [0x0000000837500000,0x0000000837600000]
Native frames: (J=compiled Java code, j=interpreted, Vv=VM code, C=native code)
V  [jvm.dll+0x6d7e19]
V  [jvm.dll+0x8b5096]
V  [jvm.dll+0x8b764e]
V  [jvm.dll+0x8b7d33]
V  [jvm.dll+0x284596]
V  [jvm.dll+0xc685d]
V  [jvm.dll+0xc6da1]
V  [jvm.dll+0x3bed31]
V  [jvm.dll+0x38b2b2]
V  [jvm.dll+0x38a6fa]
V  [jvm.dll+0x24c700]
V  [jvm.dll+0x24bce0]
V  [jvm.dll+0x1cb4ae]
V  [jvm.dll+0x25baad]
V  [jvm.dll+0x25a03a]
V  [jvm.dll+0x3f868e]
V  [jvm.dll+0x85fb0d]
V  [jvm.dll+0x6d664d]
C  [ucrtbase.dll+0x2cd30]
C  [KERNEL32.DLL+0x2e957]
C  [ntdll.dll+0xaad6c]


---------------  P R O C E S S  ---------------

Threads class SMR info:
_java_thread_list=0x000001e480ec0b10, length=47, elements={
0x000001e42803ba70, 0x000001e4280e15c0, 0x000001e4280e22e0, 0x000001e4280e85b0,
0x000001e4280e9010, 0x000001e4280eafd0, 0x000001e4280ed370, 0x000001e4280f48a0,
0x000001e4280fb2c0, 0x000001e48101a2b0, 0x000001e4811ccdd0, 0x000001e486994770,
0x000001e486b2a5d0, 0x000001e486b2b980, 0x000001e486b2ac60, 0x000001e486b2b2f0,
0x000001e486889170, 0x000001e486888ae0, 0x000001e48688a520, 0x000001e48688c5f0,
0x000001e48688f3e0, 0x000001e48688e030, 0x000001e48688e6c0, 0x000001e48688ed50,
0x000001e48688fa70, 0x000001e486890100, 0x000001e48688d310, 0x000001e48688d9a0,
0x000001e48812d270, 0x000001e48812d900, 0x000001e48812df90, 0x000001e48812e620,
0x000001e48812f340, 0x000001e48812ecb0, 0x000001e48812bec0, 0x000001e48812f9d0,
0x000001e48812cbe0, 0x000001e48b1d3eb0, 0x000001e487f5c850, 0x000001e486b2d3c0,
0x000001e486b2c6a0, 0x000001e486b2da50, 0x000001e486b2cd30, 0x000001e48b1ccf20,
0x000001e494d41b90, 0x000001e488773df0, 0x000001e48b1cfd10
}

Java Threads: ( => current thread )
  0x000001e42803ba70 JavaThread "main"                              [_thread_blocked, id=12612, stack(0x0000000836b00000,0x0000000836c00000) (1024K)]
  0x000001e4280e15c0 JavaThread "Reference Handler"          daemon [_thread_blocked, id=16828, stack(0x0000000836f00000,0x0000000837000000) (1024K)]
  0x000001e4280e22e0 JavaThread "Finalizer"                  daemon [_thread_blocked, id=3728, stack(0x0000000837000000,0x0000000837100000) (1024K)]
  0x000001e4280e85b0 JavaThread "Signal Dispatcher"          daemon [_thread_blocked, id=5612, stack(0x0000000837100000,0x0000000837200000) (1024K)]
  0x000001e4280e9010 JavaThread "Attach Listener"            daemon [_thread_blocked, id=15748, stack(0x0000000837200000,0x0000000837300000) (1024K)]
  0x000001e4280eafd0 JavaThread "Service Thread"             daemon [_thread_blocked, id=22152, stack(0x0000000837300000,0x0000000837400000) (1024K)]
  0x000001e4280ed370 JavaThread "Monitor Deflation Thread"   daemon [_thread_blocked, id=24920, stack(0x0000000837400000,0x0000000837500000) (1024K)]
=>0x000001e4280f48a0 JavaThread "C2 CompilerThread0"         daemon [_thread_in_native, id=6884, stack(0x0000000837500000,0x0000000837600000) (1024K)]
  0x000001e4280fb2c0 JavaThread "C1 CompilerThread0"         daemon [_thread_blocked, id=18164, stack(0x0000000837600000,0x0000000837700000) (1024K)]
  0x000001e48101a2b0 JavaThread "Common-Cleaner"             daemon [_thread_blocked, id=10940, stack(0x0000000837800000,0x0000000837900000) (1024K)]
  0x000001e4811ccdd0 JavaThread "Notification Thread"        daemon [_thread_blocked, id=22392, stack(0x0000000837900000,0x0000000837a00000) (1024K)]
  0x000001e486994770 JavaThread "Active Thread: Equinox Container: f7592726-e2b2-495c-b374-53a1a6ae0392"        [_thread_blocked, id=21256, stack(0x0000000838700000,0x0000000838800000) (1024K)]
  0x000001e486b2a5d0 JavaThread "Framework Event Dispatcher: Equinox Container: f7592726-e2b2-495c-b374-53a1a6ae0392" daemon [_thread_blocked, id=4344, stack(0x0000000838800000,0x0000000838900000) (1024K)]
  0x000001e486b2b980 JavaThread "Start Level: Equinox Container: f7592726-e2b2-495c-b374-53a1a6ae0392" daemon [_thread_blocked, id=9668, stack(0x0000000838900000,0x0000000838a00000) (1024K)]
  0x000001e486b2ac60 JavaThread "Bundle File Closer"         daemon [_thread_blocked, id=6924, stack(0x0000000838b00000,0x0000000838c00000) (1024K)]
  0x000001e486b2b2f0 JavaThread "Refresh Thread: Equinox Container: f7592726-e2b2-495c-b374-53a1a6ae0392" daemon [_thread_blocked, id=21632, stack(0x0000000838c00000,0x0000000838d00000) (1024K)]
  0x000001e486889170 JavaThread "SCR Component Actor"        daemon [_thread_blocked, id=27156, stack(0x0000000837700000,0x0000000837800000) (1024K)]
  0x000001e486888ae0 JavaThread "Worker-JM"                         [_thread_blocked, id=27500, stack(0x0000000839500000,0x0000000839600000) (1024K)]
  0x000001e48688a520 JavaThread "JNA Cleaner"                daemon [_thread_blocked, id=27896, stack(0x0000000837a00000,0x0000000837b00000) (1024K)]
  0x000001e48688c5f0 JavaThread "Java indexing"              daemon [_thread_blocked, id=24744, stack(0x0000000839b00000,0x0000000839c00000) (1024K)]
  0x000001e48688f3e0 JavaThread "Thread-1"                   daemon [_thread_in_native, id=448, stack(0x000000083a000000,0x000000083a100000) (1024K)]
  0x000001e48688e030 JavaThread "Thread-2"                   daemon [_thread_in_native, id=25216, stack(0x000000083a100000,0x000000083a200000) (1024K)]
  0x000001e48688e6c0 JavaThread "Thread-3"                   daemon [_thread_in_native, id=13520, stack(0x000000083a200000,0x000000083a300000) (1024K)]
  0x000001e48688ed50 JavaThread "Thread-4"                   daemon [_thread_in_native, id=22708, stack(0x000000083a300000,0x000000083a400000) (1024K)]
  0x000001e48688fa70 JavaThread "Thread-5"                   daemon [_thread_in_native, id=18276, stack(0x000000083a400000,0x000000083a500000) (1024K)]
  0x000001e486890100 JavaThread "Thread-6"                   daemon [_thread_in_native, id=14492, stack(0x000000083a500000,0x000000083a600000) (1024K)]
  0x000001e48688d310 JavaThread "Thread-7"                   daemon [_thread_in_native, id=10536, stack(0x000000083a600000,0x000000083a700000) (1024K)]
  0x000001e48688d9a0 JavaThread "Thread-8"                   daemon [_thread_in_native, id=5148, stack(0x000000083a700000,0x000000083a800000) (1024K)]
  0x000001e48812d270 JavaThread "Thread-9"                   daemon [_thread_in_native, id=13308, stack(0x000000083a800000,0x000000083a900000) (1024K)]
  0x000001e48812d900 JavaThread "Thread-10"                  daemon [_thread_in_native, id=20904, stack(0x000000083a900000,0x000000083aa00000) (1024K)]
  0x000001e48812df90 JavaThread "Thread-11"                  daemon [_thread_in_native, id=22596, stack(0x000000083aa00000,0x000000083ab00000) (1024K)]
  0x000001e48812e620 JavaThread "Thread-12"                  daemon [_thread_in_native, id=5000, stack(0x000000083ab00000,0x000000083ac00000) (1024K)]
  0x000001e48812f340 JavaThread "Thread-13"                  daemon [_thread_in_native, id=3100, stack(0x000000083ac00000,0x000000083ad00000) (1024K)]
  0x000001e48812ecb0 JavaThread "pool-2-thread-1"                   [_thread_blocked, id=15820, stack(0x000000083ae00000,0x000000083af00000) (1024K)]
  0x000001e48812bec0 JavaThread "WorkspaceEventsHandler"            [_thread_blocked, id=24312, stack(0x000000083af00000,0x000000083b000000) (1024K)]
  0x000001e48812f9d0 JavaThread "pool-1-thread-1"                   [_thread_blocked, id=19868, stack(0x000000083b000000,0x000000083b100000) (1024K)]
  0x000001e48812cbe0 JavaThread "Worker-6"                          [_thread_blocked, id=15988, stack(0x0000000838100000,0x0000000838200000) (1024K)]
  0x000001e48b1d3eb0 JavaThread "PatternSearchJob-worker-7"  daemon [_thread_blocked, id=14652, stack(0x000000083cf00000,0x000000083d000000) (1024K)]
  0x000001e487f5c850 JavaThread "Cleaner-0"                  daemon [_thread_blocked, id=8968, stack(0x0000000836a00000,0x0000000836b00000) (1024K)]
  0x000001e486b2d3c0 JavaThread "Worker-12"                         [_thread_blocked, id=11784, stack(0x0000000836900000,0x0000000836a00000) (1024K)]
  0x000001e486b2c6a0 JavaThread "ForkJoinPool.commonPool-worker-16" daemon [_thread_blocked, id=24476, stack(0x0000000836800000,0x0000000836900000) (1024K)]
  0x000001e486b2da50 JavaThread "ForkJoinPool.commonPool-worker-17" daemon [_thread_blocked, id=29864, stack(0x0000000838200000,0x0000000838300000) (1024K)]
  0x000001e486b2cd30 JavaThread "ForkJoinPool.commonPool-worker-18" daemon [_thread_in_Java, id=21588, stack(0x0000000838400000,0x0000000838500000) (1024K)]
  0x000001e48b1ccf20 JavaThread "ForkJoinPool.commonPool-worker-19" daemon [_thread_in_vm, id=25188, stack(0x0000000838300000,0x0000000838400000) (1024K)]
  0x000001e494d41b90 JavaThread "C2 CompilerThread1"         daemon [_thread_in_native, id=14948, stack(0x0000000838500000,0x0000000838600000) (1024K)]
  0x000001e488773df0 JavaThread "C2 CompilerThread2"         daemon [_thread_in_native, id=26408, stack(0x0000000838600000,0x0000000838700000) (1024K)]
  0x000001e48b1cfd10 JavaThread "ForkJoinPool.commonPool-worker-20" daemon [_thread_blocked, id=132, stack(0x0000000838d00000,0x0000000838e00000) (1024K)]
Total: 47

Other Threads:
  0x000001e427fd2dd0 VMThread "VM Thread"                           [id=20992, stack(0x0000000836e00000,0x0000000836f00000) (1024K)]
  0x000001e427ecc8d0 WatcherThread "VM Periodic Task Thread"        [id=1148, stack(0x0000000836d00000,0x0000000836e00000) (1024K)]
  0x000001e42805a050 WorkerThread "GC Thread#0"                     [id=19216, stack(0x0000000836c00000,0x0000000836d00000) (1024K)]
  0x000001e4864c8530 WorkerThread "GC Thread#1"                     [id=12200, stack(0x0000000837b00000,0x0000000837c00000) (1024K)]
  0x000001e4864b7c50 WorkerThread "GC Thread#2"                     [id=20180, stack(0x0000000837c00000,0x0000000837d00000) (1024K)]
  0x000001e4866234f0 WorkerThread "GC Thread#3"                     [id=18040, stack(0x0000000837d00000,0x0000000837e00000) (1024K)]
  0x000001e4866238a0 WorkerThread "GC Thread#4"                     [id=3132, stack(0x0000000837e00000,0x0000000837f00000) (1024K)]
  0x000001e486734670 WorkerThread "GC Thread#5"                     [id=21380, stack(0x0000000837f00000,0x0000000838000000) (1024K)]
  0x000001e486685e20 WorkerThread "GC Thread#6"                     [id=26116, stack(0x0000000838000000,0x0000000838100000) (1024K)]
  0x000001e4869319e0 WorkerThread "GC Thread#7"                     [id=11376, stack(0x0000000838a00000,0x0000000838b00000) (1024K)]
  0x000001e4870e8c90 WorkerThread "GC Thread#8"                     [id=1316, stack(0x0000000839300000,0x0000000839400000) (1024K)]
  0x000001e486f00ed0 WorkerThread "GC Thread#9"                     [id=24196, stack(0x0000000839400000,0x0000000839500000) (1024K)]
Total: 12

Threads with active compile tasks:
C2 CompilerThread0  6985843 20223       4       org.eclipse.jdt.internal.compiler.lookup.BinaryTypeBinding::createMethod (1666 bytes)
C1 CompilerThread0  6985843 20304       2       org.eclipse.core.internal.resources.AliasManager$LocationMap::matchingResourcesDo (87 bytes)
C2 CompilerThread1  6985843 20225       4       lombok.eclipse.EclipseAST::buildStatements (53 bytes)
C2 CompilerThread2  6985843 20226   !   4       org.eclipse.osgi.internal.loader.BundleLoader::findRequiredSource (283 bytes)
Total: 4

VM state: not at safepoint (normal execution)

VM Mutex/Monitor currently owned by a thread:  ([mutex/lock_event])
[0x00007ffde903e070] MethodCompileQueue_lock - owner thread: 0x000001e4280fb2c0
[0x00007ffde903f470] CodeCache_lock - owner thread: 0x000001e4280fb2c0
[0x00007ffde903f5f0] Compile_lock - owner thread: 0x0000000000000000

Heap address: 0x0000000080000000, size: 2048 MB, Compressed Oops mode: 32-bit

CDS archive(s) mapped at: [0x000001e43f000000-0x000001e43fba0000-0x000001e43fba0000), size 12189696, SharedBaseAddress: 0x000001e43f000000, ArchiveRelocationMode: 1.
Compressed class space mapped at: 0x000001e440000000-0x000001e480000000, reserved size: 1073741824
Narrow klass base: 0x000001e43f000000, Narrow klass shift: 0, Narrow klass range: 0x100000000

GC Precious Log:
 CardTable entry size: 512
 CPUs: 12 total, 12 available
 Memory: 16024M
 Large Page Support: Disabled
 NUMA Support: Disabled
 Compressed Oops: Enabled (32-bit)
 Alignments: Space 512K, Generation 512K, Heap 2M
 Heap Min Capacity: 100M
 Heap Initial Capacity: 100M
 Heap Max Capacity: 2G
 Pre-touch: Disabled
 Parallel Workers: 10

Heap:
 PSYoungGen      total 3072K, used 2444K [0x00000000d5580000, 0x00000000d5980000, 0x0000000100000000)
  eden space 2560K, 82% used [0x00000000d5580000,0x00000000d5793068,0x00000000d5800000)
  from space 512K, 62% used [0x00000000d5900000,0x00000000d5950000,0x00000000d5980000)
  to   space 512K, 0% used [0x00000000d5880000,0x00000000d5880000,0x00000000d5900000)
 ParOldGen       total 545280K, used 470151K [0x0000000080000000, 0x00000000a1480000, 0x00000000d5580000)
  object space 545280K, 86% used [0x0000000080000000,0x000000009cb21c80,0x00000000a1480000)
 Metaspace       used 87451K, committed 89280K, reserved 1179648K
  class space    used 8910K, committed 9664K, reserved 1048576K

Card table byte_map: [0x000001e4279e0000,0x000001e427df0000] _byte_map_base: 0x000001e4275e0000

Marking Bits: (ParMarkBitMap*) 0x00007ffde9044460
 Begin Bits: [0x000001e43a4f0000, 0x000001e43c4f0000)
 End Bits:   [0x000001e43c4f0000, 0x000001e43e4f0000)

Polling page: 0x000001e425bb0000

Metaspace:

Usage:
  Non-class:     76.70 MB used.
      Class:      8.70 MB used.
       Both:     85.40 MB used.

Virtual space:
  Non-class space:      128.00 MB reserved,      77.75 MB ( 61%) committed,  2 nodes.
      Class space:        1.00 GB reserved,       9.44 MB ( <1%) committed,  1 nodes.
             Both:        1.12 GB reserved,      87.19 MB (  8%) committed. 

Chunk freelists:
   Non-Class:  1.34 MB
       Class:  6.52 MB
        Both:  7.86 MB

MaxMetaspaceSize: unlimited
CompressedClassSpaceSize: 1.00 GB
Initial GC threshold: 21.00 MB
Current GC threshold: 132.12 MB
CDS: on
 - commit_granule_bytes: 65536.
 - commit_granule_words: 8192.
 - virtual_space_node_default_size: 8388608.
 - enlarge_chunks_in_place: 1.
 - use_allocation_guard: 0.


Internal statistics:

num_allocs_failed_limit: 9.
num_arena_births: 1580.
num_arena_deaths: 24.
num_vsnodes_births: 3.
num_vsnodes_deaths: 0.
num_space_committed: 1398.
num_space_uncommitted: 2.
num_chunks_returned_to_freelist: 57.
num_chunks_taken_from_freelist: 5662.
num_chunk_merges: 19.
num_chunk_splits: 3515.
num_chunks_enlarged: 2038.
num_inconsistent_stats: 0.

CodeHeap 'non-profiled nmethods': size=120000Kb used=19117Kb max_used=19117Kb free=100882Kb
 bounds [0x000001e432d10000, 0x000001e433fc0000, 0x000001e43a240000]
CodeHeap 'profiled nmethods': size=120000Kb used=44242Kb max_used=44242Kb free=75757Kb
 bounds [0x000001e42b240000, 0x000001e42dd80000, 0x000001e432770000]
CodeHeap 'non-nmethods': size=5760Kb used=1516Kb max_used=1581Kb free=4243Kb
 bounds [0x000001e432770000, 0x000001e4329e0000, 0x000001e432d10000]
CodeCache: size=245760Kb, used=64875Kb, max_used=64940Kb, free=180882Kb
 total_blobs=18806, nmethods=17963, adapters=745, full_count=0
Compilation: enabled, stopped_count=0, restarted_count=0

Compilation events (20 events):
Event: 6985.810 Thread 0x000001e4280fb2c0 nmethod 20279 0x000001e433fb9610 code [0x000001e433fb97a0, 0x000001e433fb9868]
Event: 6985.810 Thread 0x000001e4280fb2c0 20280       1       org.eclipse.jdt.core.dom.ASTVisitor::visit (2 bytes)
Event: 6985.810 Thread 0x000001e4280fb2c0 nmethod 20280 0x000001e433fb9910 code [0x000001e433fb9aa0, 0x000001e433fb9b68]
Event: 6985.810 Thread 0x000001e4280fb2c0 20278   !   2       org.eclipse.core.internal.filebuffers.SynchronizableDocument::getLineOffset (30 bytes)
Event: 6985.811 Thread 0x000001e4280fb2c0 nmethod 20278 0x000001e42dd6d890 code [0x000001e42dd6dac0, 0x000001e42dd6e0d8]
Event: 6985.811 Thread 0x000001e4280fb2c0 20284   !   2       java.lang.ClassLoader::addClass (27 bytes)
Event: 6985.811 Thread 0x000001e4280fb2c0 nmethod 20284 0x000001e42dd6e490 code [0x000001e42dd6e640, 0x000001e42dd6e868]
Event: 6985.811 Thread 0x000001e4280fb2c0 20282       1       org.eclipse.lsp4j.CodeActionCapabilities::getDataSupport (5 bytes)
Event: 6985.811 Thread 0x000001e4280fb2c0 nmethod 20282 0x000001e433fb9c10 code [0x000001e433fb9da0, 0x000001e433fb9e68]
Event: 6985.811 Thread 0x000001e4280fb2c0 20283       1       org.eclipse.lsp4j.CodeActionResolveSupportCapabilities::getProperties (5 bytes)
Event: 6985.811 Thread 0x000001e4280fb2c0 nmethod 20283 0x000001e433fb9f10 code [0x000001e433fba0a0, 0x000001e433fba168]
Event: 6985.812 Thread 0x000001e4280fb2c0 20277       1       org.eclipse.lsp4j.jsonrpc.messages.ResponseMessage::getError (5 bytes)
Event: 6985.812 Thread 0x000001e4280fb2c0 nmethod 20277 0x000001e433fba210 code [0x000001e433fba3a0, 0x000001e433fba468]
Event: 6985.813 Thread 0x000001e4280fb2c0 20285       2       org.eclipse.jdt.internal.core.manipulation.JavaElementLabelComposerCore::getFlag (12 bytes)
Event: 6985.813 Thread 0x000001e4280fb2c0 nmethod 20285 0x000001e42dd6e990 code [0x000001e42dd6eb20, 0x000001e42dd6ec48]
Event: 6985.813 Thread 0x000001e4280fb2c0 20286       2       org.eclipse.jdt.ls.core.internal.handlers.JsonRpcHelpers::toDocument (52 bytes)
Event: 6985.814 Thread 0x000001e4280fb2c0 nmethod 20286 0x000001e42dd6ed10 code [0x000001e42dd6ef00, 0x000001e42dd6f2b8]
Event: 6985.814 Thread 0x000001e4280fb2c0 20287   !   2       org.eclipse.jdt.core.dom.MethodDeclaration::getName (60 bytes)
Event: 6985.814 Thread 0x000001e4280fb2c0 nmethod 20287 0x000001e42dd6f410 code [0x000001e42dd6f620, 0x000001e42dd6fc90]
Event: 6985.814 Thread 0x000001e4280fb2c0 20288       2       org.jetbrains.java.decompiler.util.VBStyleCollection::addWithKey (32 bytes)

GC Heap History (20 events):
Event: 6985.595 GC heap before
{Heap before GC invocations=1406 (full 4):
 PSYoungGen      total 3072K, used 3071K [0x00000000d5580000, 0x00000000d5a00000, 0x0000000100000000)
  eden space 2560K, 99% used [0x00000000d5580000,0x00000000d57ffff8,0x00000000d5800000)
  from space 512K, 100% used [0x00000000d5880000,0x00000000d5900000,0x00000000d5900000)
  to   space 1024K, 0% used [0x00000000d5900000,0x00000000d5900000,0x00000000d5a00000)
 ParOldGen       total 545280K, used 466713K [0x0000000080000000, 0x00000000a1480000, 0x00000000d5580000)
  object space 545280K, 85% used [0x0000000080000000,0x000000009c7c67d0,0x00000000a1480000)
 Metaspace       used 85885K, committed 87680K, reserved 1179648K
  class space    used 8768K, committed 9536K, reserved 1048576K
}
Event: 6985.597 GC heap after
{Heap after GC invocations=1406 (full 4):
 PSYoungGen      total 3584K, used 774K [0x00000000d5580000, 0x00000000d5a00000, 0x0000000100000000)
  eden space 2560K, 0% used [0x00000000d5580000,0x00000000d5580000,0x00000000d5800000)
  from space 1024K, 75% used [0x00000000d5900000,0x00000000d59c1810,0x00000000d5a00000)
  to   space 1024K, 0% used [0x00000000d5800000,0x00000000d5800000,0x00000000d5900000)
 ParOldGen       total 545280K, used 467185K [0x0000000080000000, 0x00000000a1480000, 0x00000000d5580000)
  object space 545280K, 85% used [0x0000000080000000,0x000000009c83c7d0,0x00000000a1480000)
 Metaspace       used 85885K, committed 87680K, reserved 1179648K
  class space    used 8768K, committed 9536K, reserved 1048576K
}
Event: 6985.601 GC heap before
{Heap before GC invocations=1407 (full 4):
 PSYoungGen      total 3584K, used 3334K [0x00000000d5580000, 0x00000000d5a00000, 0x0000000100000000)
  eden space 2560K, 100% used [0x00000000d5580000,0x00000000d5800000,0x00000000d5800000)
  from space 1024K, 75% used [0x00000000d5900000,0x00000000d59c1810,0x00000000d5a00000)
  to   space 1024K, 0% used [0x00000000d5800000,0x00000000d5800000,0x00000000d5900000)
 ParOldGen       total 545280K, used 467185K [0x0000000080000000, 0x00000000a1480000, 0x00000000d5580000)
  object space 545280K, 85% used [0x0000000080000000,0x000000009c83c7d0,0x00000000a1480000)
 Metaspace       used 85931K, committed 87744K, reserved 1179648K
  class space    used 8773K, committed 9536K, reserved 1048576K
}
Event: 6985.602 GC heap after
{Heap after GC invocations=1407 (full 4):
 PSYoungGen      total 3584K, used 698K [0x00000000d5580000, 0x00000000d5a00000, 0x0000000100000000)
  eden space 2560K, 0% used [0x00000000d5580000,0x00000000d5580000,0x00000000d5800000)
  from space 1024K, 68% used [0x00000000d5800000,0x00000000d58ae900,0x00000000d5900000)
  to   space 1024K, 0% used [0x00000000d5900000,0x00000000d5900000,0x00000000d5a00000)
 ParOldGen       total 545280K, used 467673K [0x0000000080000000, 0x00000000a1480000, 0x00000000d5580000)
  object space 545280K, 85% used [0x0000000080000000,0x000000009c8b6778,0x00000000a1480000)
 Metaspace       used 85931K, committed 87744K, reserved 1179648K
  class space    used 8773K, committed 9536K, reserved 1048576K
}
Event: 6985.621 GC heap before
{Heap before GC invocations=1408 (full 4):
 PSYoungGen      total 3584K, used 3258K [0x00000000d5580000, 0x00000000d5a00000, 0x0000000100000000)
  eden space 2560K, 100% used [0x00000000d5580000,0x00000000d5800000,0x00000000d5800000)
  from space 1024K, 68% used [0x00000000d5800000,0x00000000d58ae900,0x00000000d5900000)
  to   space 1024K, 0% used [0x00000000d5900000,0x00000000d5900000,0x00000000d5a00000)
 ParOldGen       total 545280K, used 467673K [0x0000000080000000, 0x00000000a1480000, 0x00000000d5580000)
  object space 545280K, 85% used [0x0000000080000000,0x000000009c8b6778,0x00000000a1480000)
 Metaspace       used 85995K, committed 87808K, reserved 1179648K
  class space    used 8781K, committed 9536K, reserved 1048576K
}
Event: 6985.623 GC heap after
{Heap after GC invocations=1408 (full 4):
 PSYoungGen      total 3072K, used 384K [0x00000000d5580000, 0x00000000d5980000, 0x0000000100000000)
  eden space 2560K, 0% used [0x00000000d5580000,0x00000000d5580000,0x00000000d5800000)
  from space 512K, 75% used [0x00000000d5900000,0x00000000d5960000,0x00000000d5980000)
  to   space 512K, 0% used [0x00000000d5880000,0x00000000d5880000,0x00000000d5900000)
 ParOldGen       total 545280K, used 468262K [0x0000000080000000, 0x00000000a1480000, 0x00000000d5580000)
  object space 545280K, 85% used [0x0000000080000000,0x000000009c949988,0x00000000a1480000)
 Metaspace       used 85995K, committed 87808K, reserved 1179648K
  class space    used 8781K, committed 9536K, reserved 1048576K
}
Event: 6985.651 GC heap before
{Heap before GC invocations=1409 (full 4):
 PSYoungGen      total 3072K, used 2944K [0x00000000d5580000, 0x00000000d5980000, 0x0000000100000000)
  eden space 2560K, 100% used [0x00000000d5580000,0x00000000d5800000,0x00000000d5800000)
  from space 512K, 75% used [0x00000000d5900000,0x00000000d5960000,0x00000000d5980000)
  to   space 512K, 0% used [0x00000000d5880000,0x00000000d5880000,0x00000000d5900000)
 ParOldGen       total 545280K, used 468262K [0x0000000080000000, 0x00000000a1480000, 0x00000000d5580000)
  object space 545280K, 85% used [0x0000000080000000,0x000000009c949988,0x00000000a1480000)
 Metaspace       used 86001K, committed 87808K, reserved 1179648K
  class space    used 8781K, committed 9536K, reserved 1048576K
}
Event: 6985.652 GC heap after
{Heap after GC invocations=1409 (full 4):
 PSYoungGen      total 3072K, used 400K [0x00000000d5580000, 0x00000000d5980000, 0x0000000100000000)
  eden space 2560K, 0% used [0x00000000d5580000,0x00000000d5580000,0x00000000d5800000)
  from space 512K, 78% used [0x00000000d5880000,0x00000000d58e4010,0x00000000d5900000)
  to   space 512K, 0% used [0x00000000d5900000,0x00000000d5900000,0x00000000d5980000)
 ParOldGen       total 545280K, used 468462K [0x0000000080000000, 0x00000000a1480000, 0x00000000d5580000)
  object space 545280K, 85% used [0x0000000080000000,0x000000009c97b988,0x00000000a1480000)
 Metaspace       used 86001K, committed 87808K, reserved 1179648K
  class space    used 8781K, committed 9536K, reserved 1048576K
}
Event: 6985.676 GC heap before
{Heap before GC invocations=1410 (full 4):
 PSYoungGen      total 3072K, used 2959K [0x00000000d5580000, 0x00000000d5980000, 0x0000000100000000)
  eden space 2560K, 99% used [0x00000000d5580000,0x00000000d57ffe88,0x00000000d5800000)
  from space 512K, 78% used [0x00000000d5880000,0x00000000d58e4010,0x00000000d5900000)
  to   space 512K, 0% used [0x00000000d5900000,0x00000000d5900000,0x00000000d5980000)
 ParOldGen       total 545280K, used 468462K [0x0000000080000000, 0x00000000a1480000, 0x00000000d5580000)
  object space 545280K, 85% used [0x0000000080000000,0x000000009c97b988,0x00000000a1480000)
 Metaspace       used 86130K, committed 87936K, reserved 1179648K
  class space    used 8798K, committed 9536K, reserved 1048576K
}
Event: 6985.677 GC heap after
{Heap after GC invocations=1410 (full 4):
 PSYoungGen      total 3072K, used 256K [0x00000000d5580000, 0x00000000d5980000, 0x0000000100000000)
  eden space 2560K, 0% used [0x00000000d5580000,0x00000000d5580000,0x00000000d5800000)
  from space 512K, 50% used [0x00000000d5900000,0x00000000d5940000,0x00000000d5980000)
  to   space 512K, 0% used [0x00000000d5880000,0x00000000d5880000,0x00000000d5900000)
 ParOldGen       total 545280K, used 468694K [0x0000000080000000, 0x00000000a1480000, 0x00000000d5580000)
  object space 545280K, 85% used [0x0000000080000000,0x000000009c9b59a8,0x00000000a1480000)
 Metaspace       used 86130K, committed 87936K, reserved 1179648K
  class space    used 8798K, committed 9536K, reserved 1048576K
}
Event: 6985.692 GC heap before
{Heap before GC invocations=1411 (full 4):
 PSYoungGen      total 3072K, used 2816K [0x00000000d5580000, 0x00000000d5980000, 0x0000000100000000)
  eden space 2560K, 100% used [0x00000000d5580000,0x00000000d5800000,0x00000000d5800000)
  from space 512K, 50% used [0x00000000d5900000,0x00000000d5940000,0x00000000d5980000)
  to   space 512K, 0% used [0x00000000d5880000,0x00000000d5880000,0x00000000d5900000)
 ParOldGen       total 545280K, used 468694K [0x0000000080000000, 0x00000000a1480000, 0x00000000d5580000)
  object space 545280K, 85% used [0x0000000080000000,0x000000009c9b59a8,0x00000000a1480000)
 Metaspace       used 86217K, committed 88000K, reserved 1179648K
  class space    used 8806K, committed 9536K, reserved 1048576K
}
Event: 6985.694 GC heap after
{Heap after GC invocations=1411 (full 4):
 PSYoungGen      total 3072K, used 368K [0x00000000d5580000, 0x00000000d5980000, 0x0000000100000000)
  eden space 2560K, 0% used [0x00000000d5580000,0x00000000d5580000,0x00000000d5800000)
  from space 512K, 71% used [0x00000000d5880000,0x00000000d58dc010,0x00000000d5900000)
  to   space 512K, 0% used [0x00000000d5900000,0x00000000d5900000,0x00000000d5980000)
 ParOldGen       total 545280K, used 468798K [0x0000000080000000, 0x00000000a1480000, 0x00000000d5580000)
  object space 545280K, 85% used [0x0000000080000000,0x000000009c9cf9a8,0x00000000a1480000)
 Metaspace       used 86217K, committed 88000K, reserved 1179648K
  class space    used 8806K, committed 9536K, reserved 1048576K
}
Event: 6985.709 GC heap before
{Heap before GC invocations=1412 (full 4):
 PSYoungGen      total 3072K, used 2928K [0x00000000d5580000, 0x00000000d5980000, 0x0000000100000000)
  eden space 2560K, 100% used [0x00000000d5580000,0x00000000d5800000,0x00000000d5800000)
  from space 512K, 71% used [0x00000000d5880000,0x00000000d58dc010,0x00000000d5900000)
  to   space 512K, 0% used [0x00000000d5900000,0x00000000d5900000,0x00000000d5980000)
 ParOldGen       total 545280K, used 468798K [0x0000000080000000, 0x00000000a1480000, 0x00000000d5580000)
  object space 545280K, 85% used [0x0000000080000000,0x000000009c9cf9a8,0x00000000a1480000)
 Metaspace       used 86361K, committed 88192K, reserved 1179648K
  class space    used 8816K, committed 9600K, reserved 1048576K
}
Event: 6985.711 GC heap after
{Heap after GC invocations=1412 (full 4):
 PSYoungGen      total 3072K, used 512K [0x00000000d5580000, 0x00000000d5a00000, 0x0000000100000000)
  eden space 2560K, 0% used [0x00000000d5580000,0x00000000d5580000,0x00000000d5800000)
  from space 512K, 100% used [0x00000000d5900000,0x00000000d5980000,0x00000000d5980000)
  to   space 1024K, 0% used [0x00000000d5800000,0x00000000d5800000,0x00000000d5900000)
 ParOldGen       total 545280K, used 468990K [0x0000000080000000, 0x00000000a1480000, 0x00000000d5580000)
  object space 545280K, 86% used [0x0000000080000000,0x000000009c9ff9c8,0x00000000a1480000)
 Metaspace       used 86361K, committed 88192K, reserved 1179648K
  class space    used 8816K, committed 9600K, reserved 1048576K
}
Event: 6985.731 GC heap before
{Heap before GC invocations=1413 (full 4):
 PSYoungGen      total 3072K, used 3072K [0x00000000d5580000, 0x00000000d5a00000, 0x0000000100000000)
  eden space 2560K, 100% used [0x00000000d5580000,0x00000000d5800000,0x00000000d5800000)
  from space 512K, 100% used [0x00000000d5900000,0x00000000d5980000,0x00000000d5980000)
  to   space 1024K, 0% used [0x00000000d5800000,0x00000000d5800000,0x00000000d5900000)
 ParOldGen       total 545280K, used 468990K [0x0000000080000000, 0x00000000a1480000, 0x00000000d5580000)
  object space 545280K, 86% used [0x0000000080000000,0x000000009c9ff9c8,0x00000000a1480000)
 Metaspace       used 86488K, committed 88320K, reserved 1179648K
  class space    used 8824K, committed 9600K, reserved 1048576K
}
Event: 6985.733 GC heap after
{Heap after GC invocations=1413 (full 4):
 PSYoungGen      total 3584K, used 608K [0x00000000d5580000, 0x00000000d5a00000, 0x0000000100000000)
  eden space 2560K, 0% used [0x00000000d5580000,0x00000000d5580000,0x00000000d5800000)
  from space 1024K, 59% used [0x00000000d5800000,0x00000000d5898000,0x00000000d5900000)
  to   space 1024K, 0% used [0x00000000d5900000,0x00000000d5900000,0x00000000d5a00000)
 ParOldGen       total 545280K, used 469374K [0x0000000080000000, 0x00000000a1480000, 0x00000000d5580000)
  object space 545280K, 86% used [0x0000000080000000,0x000000009ca5f9d8,0x00000000a1480000)
 Metaspace       used 86488K, committed 88320K, reserved 1179648K
  class space    used 8824K, committed 9600K, reserved 1048576K
}
Event: 6985.751 GC heap before
{Heap before GC invocations=1414 (full 4):
 PSYoungGen      total 3584K, used 3153K [0x00000000d5580000, 0x00000000d5a00000, 0x0000000100000000)
  eden space 2560K, 99% used [0x00000000d5580000,0x00000000d57fc648,0x00000000d5800000)
  from space 1024K, 59% used [0x00000000d5800000,0x00000000d5898000,0x00000000d5900000)
  to   space 1024K, 0% used [0x00000000d5900000,0x00000000d5900000,0x00000000d5a00000)
 ParOldGen       total 545280K, used 469374K [0x0000000080000000, 0x00000000a1480000, 0x00000000d5580000)
  object space 545280K, 86% used [0x0000000080000000,0x000000009ca5f9d8,0x00000000a1480000)
 Metaspace       used 86599K, committed 88448K, reserved 1179648K
  class space    used 8839K, committed 9600K, reserved 1048576K
}
Event: 6985.752 GC heap after
{Heap after GC invocations=1414 (full 4):
 PSYoungGen      total 3584K, used 512K [0x00000000d5580000, 0x00000000d5a00000, 0x0000000100000000)
  eden space 2560K, 0% used [0x00000000d5580000,0x00000000d5580000,0x00000000d5800000)
  from space 1024K, 50% used [0x00000000d5900000,0x00000000d59800f0,0x00000000d5a00000)
  to   space 1024K, 0% used [0x00000000d5800000,0x00000000d5800000,0x00000000d5900000)
 ParOldGen       total 545280K, used 469818K [0x0000000080000000, 0x00000000a1480000, 0x00000000d5580000)
  object space 545280K, 86% used [0x0000000080000000,0x000000009cace9e8,0x00000000a1480000)
 Metaspace       used 86599K, committed 88448K, reserved 1179648K
  class space    used 8839K, committed 9600K, reserved 1048576K
}
Event: 6985.794 GC heap before
{Heap before GC invocations=1415 (full 4):
 PSYoungGen      total 3584K, used 3069K [0x00000000d5580000, 0x00000000d5a00000, 0x0000000100000000)
  eden space 2560K, 99% used [0x00000000d5580000,0x00000000d57ff368,0x00000000d5800000)
  from space 1024K, 50% used [0x00000000d5900000,0x00000000d59800f0,0x00000000d5a00000)
  to   space 1024K, 0% used [0x00000000d5800000,0x00000000d5800000,0x00000000d5900000)
 ParOldGen       total 545280K, used 469818K [0x0000000080000000, 0x00000000a1480000, 0x00000000d5580000)
  object space 545280K, 86% used [0x0000000080000000,0x000000009cace9e8,0x00000000a1480000)
 Metaspace       used 86943K, committed 88768K, reserved 1179648K
  class space    used 8865K, committed 9600K, reserved 1048576K
}
Event: 6985.795 GC heap after
{Heap after GC invocations=1415 (full 4):
 PSYoungGen      total 3584K, used 320K [0x00000000d5580000, 0x00000000d5980000, 0x0000000100000000)
  eden space 2560K, 0% used [0x00000000d5580000,0x00000000d5580000,0x00000000d5800000)
  from space 1024K, 31% used [0x00000000d5800000,0x00000000d5850000,0x00000000d5900000)
  to   space 512K, 0% used [0x00000000d5900000,0x00000000d5900000,0x00000000d5980000)
 ParOldGen       total 545280K, used 470063K [0x0000000080000000, 0x00000000a1480000, 0x00000000d5580000)
  object space 545280K, 86% used [0x0000000080000000,0x000000009cb0bc80,0x00000000a1480000)
 Metaspace       used 86943K, committed 88768K, reserved 1179648K
  class space    used 8865K, committed 9600K, reserved 1048576K
}

Dll operation events (12 events):
Event: 0.011 Loaded shared library c:\Users\bedip\.antigravity-ide\extensions\redhat.java-1.55.0-win32-x64\jre\21.0.11-win32-x86_64\bin\java.dll
Event: 0.050 Loaded shared library c:\Users\bedip\.antigravity-ide\extensions\redhat.java-1.55.0-win32-x64\jre\21.0.11-win32-x86_64\bin\zip.dll
Event: 0.062 Loaded shared library C:\Users\bedip\.antigravity-ide\extensions\redhat.java-1.55.0-win32-x64\jre\21.0.11-win32-x86_64\bin\instrument.dll
Event: 0.065 Loaded shared library C:\Users\bedip\.antigravity-ide\extensions\redhat.java-1.55.0-win32-x64\jre\21.0.11-win32-x86_64\bin\net.dll
Event: 0.066 Loaded shared library C:\Users\bedip\.antigravity-ide\extensions\redhat.java-1.55.0-win32-x64\jre\21.0.11-win32-x86_64\bin\nio.dll
Event: 0.068 Loaded shared library C:\Users\bedip\.antigravity-ide\extensions\redhat.java-1.55.0-win32-x64\jre\21.0.11-win32-x86_64\bin\zip.dll
Event: 0.080 Loaded shared library C:\Users\bedip\.antigravity-ide\extensions\redhat.java-1.55.0-win32-x64\jre\21.0.11-win32-x86_64\bin\jimage.dll
Event: 0.124 Loaded shared library c:\Users\bedip\.antigravity-ide\extensions\redhat.java-1.55.0-win32-x64\jre\21.0.11-win32-x86_64\bin\verify.dll
Event: 1.127 Loaded shared library C:\Users\bedip\AppData\Roaming\Antigravity IDE\User\globalStorage\redhat.java\1.55.0\config_win\org.eclipse.equinox.launcher\org.eclipse.equinox.launcher.win32.win32.x86_64_1.3.100.v20260613-0559\eclipse_11924.dll
Event: 8.382 Loaded shared library C:\Users\bedip\AppData\Local\Temp\jna-93613416\jna10022322276485168634.dll
Event: 295.120 Loaded shared library C:\Users\bedip\.antigravity-ide\extensions\redhat.java-1.55.0-win32-x64\jre\21.0.11-win32-x86_64\bin\sunmscapi.dll
Event: 295.479 Loaded shared library C:\Users\bedip\.antigravity-ide\extensions\redhat.java-1.55.0-win32-x64\jre\21.0.11-win32-x86_64\bin\extnet.dll

Deoptimization events (20 events):
Event: 6985.610 Thread 0x000001e48b1ccf20 Uncommon trap: trap_request=0xffffffde fr.pc=0x000001e432ec8000 relative=0x0000000000000a20
Event: 6985.610 Thread 0x000001e48b1ccf20 Uncommon trap: reason=class_check action=maybe_recompile pc=0x000001e432ec8000 method=java.io.DataInputStream.readUTF(Ljava/io/DataInput;)Ljava/lang/String; @ 1 c2
Event: 6985.610 Thread 0x000001e48b1ccf20 DEOPT PACKING pc=0x000001e432ec8000 sp=0x00000008383fe290
Event: 6985.610 Thread 0x000001e48b1ccf20 DEOPT UNPACKING pc=0x000001e4327c3aa2 sp=0x00000008383fe248 mode 2
Event: 6985.610 Thread 0x000001e48b1ccf20 Uncommon trap: trap_request=0xffffffde fr.pc=0x000001e432ec8000 relative=0x0000000000000a20
Event: 6985.610 Thread 0x000001e48b1ccf20 Uncommon trap: reason=class_check action=maybe_recompile pc=0x000001e432ec8000 method=java.io.DataInputStream.readUTF(Ljava/io/DataInput;)Ljava/lang/String; @ 1 c2
Event: 6985.610 Thread 0x000001e48b1ccf20 DEOPT PACKING pc=0x000001e432ec8000 sp=0x00000008383fe290
Event: 6985.610 Thread 0x000001e48b1ccf20 DEOPT UNPACKING pc=0x000001e4327c3aa2 sp=0x00000008383fe248 mode 2
Event: 6985.610 Thread 0x000001e48b1ccf20 Uncommon trap: trap_request=0xffffffde fr.pc=0x000001e432ec8000 relative=0x0000000000000a20
Event: 6985.610 Thread 0x000001e48b1ccf20 Uncommon trap: reason=class_check action=maybe_recompile pc=0x000001e432ec8000 method=java.io.DataInputStream.readUTF(Ljava/io/DataInput;)Ljava/lang/String; @ 1 c2
Event: 6985.610 Thread 0x000001e48b1ccf20 DEOPT PACKING pc=0x000001e432ec8000 sp=0x00000008383fe290
Event: 6985.610 Thread 0x000001e48b1ccf20 DEOPT UNPACKING pc=0x000001e4327c3aa2 sp=0x00000008383fe248 mode 2
Event: 6985.610 Thread 0x000001e48b1ccf20 Uncommon trap: trap_request=0xffffffde fr.pc=0x000001e432ec8000 relative=0x0000000000000a20
Event: 6985.610 Thread 0x000001e48b1ccf20 Uncommon trap: reason=class_check action=maybe_recompile pc=0x000001e432ec8000 method=java.io.DataInputStream.readUTF(Ljava/io/DataInput;)Ljava/lang/String; @ 1 c2
Event: 6985.610 Thread 0x000001e48b1ccf20 DEOPT PACKING pc=0x000001e432ec8000 sp=0x00000008383fe290
Event: 6985.610 Thread 0x000001e48b1ccf20 DEOPT UNPACKING pc=0x000001e4327c3aa2 sp=0x00000008383fe248 mode 2
Event: 6985.802 Thread 0x000001e48b1ccf20 Uncommon trap: trap_request=0xffffff6e fr.pc=0x000001e432e7a408 relative=0x0000000000000168
Event: 6985.802 Thread 0x000001e48b1ccf20 Uncommon trap: reason=loop_limit_check action=maybe_recompile pc=0x000001e432e7a408 method=java.lang.StringLatin1.lastIndexOf([BII)I @ 19 c2
Event: 6985.802 Thread 0x000001e48b1ccf20 DEOPT PACKING pc=0x000001e432e7a408 sp=0x00000008383fd8c0
Event: 6985.802 Thread 0x000001e48b1ccf20 DEOPT UNPACKING pc=0x000001e4327c3aa2 sp=0x00000008383fd7e8 mode 2

Classes loaded (20 events):
Event: 308.931 Loading class java/util/function/LongFunction
Event: 308.931 Loading class java/util/function/LongFunction done
Event: 308.932 Loading class java/util/stream/Nodes$ConcNode
Event: 308.932 Loading class java/util/stream/Nodes$AbstractConcNode
Event: 308.932 Loading class java/util/stream/Nodes$AbstractConcNode done
Event: 308.932 Loading class java/util/stream/Nodes$ConcNode done
Event: 333.407 Loading class jdk/internal/module/IllegalAccessLogger
Event: 333.407 Loading class jdk/internal/module/IllegalAccessLogger done
Event: 1096.634 Loading class java/nio/BufferMismatch
Event: 1096.635 Loading class java/nio/BufferMismatch done
Event: 6959.703 Loading class java/util/function/IntPredicate
Event: 6959.703 Loading class java/util/function/IntPredicate done
Event: 6959.750 Loading class java/util/regex/Pattern$Bound
Event: 6959.751 Loading class java/util/regex/Pattern$Bound done
Event: 6985.542 Loading class java/util/stream/ReferencePipeline$15
Event: 6985.542 Loading class java/util/stream/ReferencePipeline$15 done
Event: 6985.544 Loading class java/util/stream/ReferencePipeline$15$1
Event: 6985.544 Loading class java/util/stream/ReferencePipeline$15$1 done
Event: 6985.797 Loading class java/lang/MatchException
Event: 6985.797 Loading class java/lang/MatchException done

Classes unloaded (20 events):
Event: 295.654 Thread 0x000001e427fd2dd0 Unloading class 0x000001e4406fbdd0 'org/codehaus/plexus/interpolation/ValueSource'
Event: 295.654 Thread 0x000001e427fd2dd0 Unloading class 0x000001e440700538 'org/apache/maven/shared/filtering/MavenResourcesExecution'
Event: 295.654 Thread 0x000001e427fd2dd0 Unloading class 0x000001e440700260 'org/apache/maven/shared/filtering/AbstractMavenFilteringRequest'
Event: 295.654 Thread 0x000001e427fd2dd0 Unloading class 0x000001e440700000 'org/apache/maven/shared/filtering/MavenFilteringException'
Event: 295.654 Thread 0x000001e427fd2dd0 Unloading class 0x000001e4406fbb80 'org/apache/maven/shared/filtering/DefaultMavenResourcesFiltering'
Event: 295.654 Thread 0x000001e427fd2dd0 Unloading class 0x000001e4406fb980 'org/apache/maven/shared/filtering/MavenResourcesFiltering'
Event: 295.654 Thread 0x000001e427fd2dd0 Unloading class 0x000001e4406fb6f0 'org/apache/maven/shared/filtering/DefaultMavenReaderFilter'
Event: 295.654 Thread 0x000001e427fd2dd0 Unloading class 0x000001e4406fb4f0 'org/apache/maven/shared/filtering/MavenReaderFilter'
Event: 295.654 Thread 0x000001e427fd2dd0 Unloading class 0x000001e4406fb250 'org/apache/maven/shared/filtering/DefaultMavenFileFilter'
Event: 295.654 Thread 0x000001e427fd2dd0 Unloading class 0x000001e4406fb000 'org/apache/maven/shared/filtering/BaseFilter'
Event: 295.654 Thread 0x000001e427fd2dd0 Unloading class 0x000001e4406fadb8 'org/apache/maven/shared/filtering/MavenFileFilter'
Event: 295.654 Thread 0x000001e427fd2dd0 Unloading class 0x000001e4406fabb8 'org/apache/maven/shared/filtering/DefaultFilterInfo'
Event: 295.654 Thread 0x000001e427fd2dd0 Unloading class 0x000001e4406fa8a8 'org/apache/maven/plugins/resources/TestResourcesMojo'
Event: 295.654 Thread 0x000001e427fd2dd0 Unloading class 0x000001e4406fa620 'org/apache/maven/plugins/maven_resources_plugin/HelpMojo'
Event: 295.654 Thread 0x000001e427fd2dd0 Unloading class 0x000001e4406fa310 'org/apache/maven/plugins/resources/CopyResourcesMojo'
Event: 295.654 Thread 0x000001e427fd2dd0 Unloading class 0x000001e4406fa000 'org/apache/maven/plugins/resources/ResourcesMojo'
Event: 295.654 Thread 0x000001e427fd2dd0 Unloading class 0x000001e4406dd400 'java/lang/invoke/LambdaForm$DMH+0x000001e4406dd400'
Event: 295.654 Thread 0x000001e427fd2dd0 Unloading class 0x000001e4406dd000 'java/lang/invoke/LambdaForm$DMH+0x000001e4406dd000'
Event: 295.654 Thread 0x000001e427fd2dd0 Unloading class 0x000001e4406dcc00 'java/lang/invoke/LambdaForm$DMH+0x000001e4406dcc00'
Event: 295.654 Thread 0x000001e427fd2dd0 Unloading class 0x000001e4406dc400 'java/lang/invoke/LambdaForm$DMH+0x000001e4406dc400'

Classes redefined (0 events):
No events

Internal exceptions (20 events):
Event: 5872.459 Thread 0x000001e48812f9d0 Exception <a 'java/lang/IncompatibleClassChangeError'{0x00000000d5595850}: Found class java.lang.Object, but interface was expected> (0x00000000d5595850) 
thrown [s\src\hotspot\share\interpreter\linkResolver.cpp, line 840]
Event: 5876.450 Thread 0x000001e486b2c6a0 Implicit null exception at 0x000001e42d2e0a1b to 0x000001e42d2e0fd5
Event: 5876.450 Thread 0x000001e486b2c6a0 Exception <a 'java/lang/NullPointerException'{0x00000000d57c1128}> (0x00000000d57c1128) 
thrown [s\src\hotspot\share\runtime\sharedRuntime.cpp, line 625]
Event: 6969.167 Thread 0x000001e486b2c6a0 Implicit null exception at 0x000001e42d2e0a1b to 0x000001e42d2e0fd5
Event: 6969.167 Thread 0x000001e486b2c6a0 Exception <a 'java/lang/NullPointerException'{0x00000000d57831c8}> (0x00000000d57831c8) 
thrown [s\src\hotspot\share\runtime\sharedRuntime.cpp, line 625]
Event: 6969.242 Thread 0x000001e486b2da50 Implicit null exception at 0x000001e42d2e0a1b to 0x000001e42d2e0fd5
Event: 6969.242 Thread 0x000001e486b2da50 Exception <a 'java/lang/NullPointerException'{0x00000000d568f010}> (0x00000000d568f010) 
thrown [s\src\hotspot\share\runtime\sharedRuntime.cpp, line 625]
Event: 6969.299 Thread 0x000001e486b2c6a0 Implicit null exception at 0x000001e42d2e0a1b to 0x000001e42d2e0fd5
Event: 6969.299 Thread 0x000001e486b2c6a0 Exception <a 'java/lang/NullPointerException'{0x00000000d55bacd8}> (0x00000000d55bacd8) 
thrown [s\src\hotspot\share\runtime\sharedRuntime.cpp, line 625]
Event: 6969.353 Thread 0x000001e486b2da50 Implicit null exception at 0x000001e42d2e0a1b to 0x000001e42d2e0fd5
Event: 6969.353 Thread 0x000001e486b2da50 Exception <a 'java/lang/NullPointerException'{0x00000000d57a4950}> (0x00000000d57a4950) 
thrown [s\src\hotspot\share\runtime\sharedRuntime.cpp, line 625]
Event: 6969.407 Thread 0x000001e486b2c6a0 Implicit null exception at 0x000001e42d2e0a1b to 0x000001e42d2e0fd5
Event: 6969.407 Thread 0x000001e486b2c6a0 Exception <a 'java/lang/NullPointerException'{0x00000000d568e600}> (0x00000000d568e600) 
thrown [s\src\hotspot\share\runtime\sharedRuntime.cpp, line 625]
Event: 6969.458 Thread 0x000001e486b2da50 Implicit null exception at 0x000001e42d2e0a1b to 0x000001e42d2e0fd5
Event: 6969.458 Thread 0x000001e486b2da50 Exception <a 'java/lang/NullPointerException'{0x00000000d55e9c28}> (0x00000000d55e9c28) 
thrown [s\src\hotspot\share\runtime\sharedRuntime.cpp, line 625]
Event: 6985.533 Thread 0x000001e486b2da50 Implicit null exception at 0x000001e42d2e0a1b to 0x000001e42d2e0fd5
Event: 6985.533 Thread 0x000001e486b2da50 Exception <a 'java/lang/NullPointerException'{0x00000000d57b1318}> (0x00000000d57b1318) 
thrown [s\src\hotspot\share\runtime\sharedRuntime.cpp, line 625]
Event: 6985.605 Thread 0x000001e486b2da50 Implicit null exception at 0x000001e42d2e0a1b to 0x000001e42d2e0fd5
Event: 6985.605 Thread 0x000001e486b2da50 Exception <a 'java/lang/NullPointerException'{0x00000000d55dd120}> (0x00000000d55dd120) 
thrown [s\src\hotspot\share\runtime\sharedRuntime.cpp, line 625]
Event: 6985.771 Thread 0x000001e48b1ccf20 Exception <a 'java/lang/NoSuchMethodError'{0x00000000d56a3680}: 'int java.lang.invoke.DirectMethodHandle$Holder.invokeStatic(java.lang.Object, java.lang.Object, int, java.lang.Object)'> (0x00000000d56a3680) 
thrown [s\src\hotspot\share\interpreter\linkResolver.cpp, line 773]

ZGC Phase Switch (0 events):
No events

VM Operations (20 events):
Event: 6985.601 Executing safepoint VM operation: ParallelGCFailedAllocation (Allocation Failure)
Event: 6985.602 Executing safepoint VM operation: ParallelGCFailedAllocation (Allocation Failure) done
Event: 6985.614 Executing safepoint VM operation: ParallelGCFailedAllocation (Allocation Failure)
Event: 6985.623 Executing safepoint VM operation: ParallelGCFailedAllocation (Allocation Failure) done
Event: 6985.648 Executing safepoint VM operation: ParallelGCFailedAllocation (Allocation Failure)
Event: 6985.652 Executing safepoint VM operation: ParallelGCFailedAllocation (Allocation Failure) done
Event: 6985.653 Executing non-safepoint VM operation: HandshakeAllThreads (Deoptimize)
Event: 6985.653 Executing non-safepoint VM operation: HandshakeAllThreads (Deoptimize) done
Event: 6985.676 Executing safepoint VM operation: ParallelGCFailedAllocation (Allocation Failure)
Event: 6985.677 Executing safepoint VM operation: ParallelGCFailedAllocation (Allocation Failure) done
Event: 6985.692 Executing safepoint VM operation: ParallelGCFailedAllocation (Allocation Failure)
Event: 6985.694 Executing safepoint VM operation: ParallelGCFailedAllocation (Allocation Failure) done
Event: 6985.709 Executing safepoint VM operation: ParallelGCFailedAllocation (Allocation Failure)
Event: 6985.711 Executing safepoint VM operation: ParallelGCFailedAllocation (Allocation Failure) done
Event: 6985.731 Executing safepoint VM operation: ParallelGCFailedAllocation (Allocation Failure)
Event: 6985.733 Executing safepoint VM operation: ParallelGCFailedAllocation (Allocation Failure) done
Event: 6985.750 Executing safepoint VM operation: ParallelGCFailedAllocation (Allocation Failure)
Event: 6985.752 Executing safepoint VM operation: ParallelGCFailedAllocation (Allocation Failure) done
Event: 6985.794 Executing safepoint VM operation: ParallelGCFailedAllocation (Allocation Failure)
Event: 6985.795 Executing safepoint VM operation: ParallelGCFailedAllocation (Allocation Failure) done

Memory protections (0 events):
No events

Nmethod flushes (20 events):
Event: 295.680 Thread 0x000001e427fd2dd0 flushing  nmethod 0x000001e42c62a990
Event: 295.680 Thread 0x000001e427fd2dd0 flushing  nmethod 0x000001e42c639a90
Event: 295.680 Thread 0x000001e427fd2dd0 flushing  nmethod 0x000001e42c63a790
Event: 295.680 Thread 0x000001e427fd2dd0 flushing  nmethod 0x000001e42c63af10
Event: 295.680 Thread 0x000001e427fd2dd0 flushing  nmethod 0x000001e42c63c910
Event: 295.680 Thread 0x000001e427fd2dd0 flushing  nmethod 0x000001e42c63d210
Event: 295.680 Thread 0x000001e427fd2dd0 flushing  nmethod 0x000001e42c63e010
Event: 295.680 Thread 0x000001e427fd2dd0 flushing  nmethod 0x000001e42c641310
Event: 295.680 Thread 0x000001e427fd2dd0 flushing  nmethod 0x000001e42c659e90
Event: 295.680 Thread 0x000001e427fd2dd0 flushing  nmethod 0x000001e42c671d10
Event: 295.680 Thread 0x000001e427fd2dd0 flushing  nmethod 0x000001e42c672090
Event: 295.680 Thread 0x000001e427fd2dd0 flushing  nmethod 0x000001e42c673290
Event: 295.680 Thread 0x000001e427fd2dd0 flushing  nmethod 0x000001e42c677d90
Event: 295.680 Thread 0x000001e427fd2dd0 flushing  nmethod 0x000001e42c701010
Event: 295.680 Thread 0x000001e427fd2dd0 flushing  nmethod 0x000001e42c726710
Event: 295.680 Thread 0x000001e427fd2dd0 flushing  nmethod 0x000001e42c767490
Event: 295.680 Thread 0x000001e427fd2dd0 flushing  nmethod 0x000001e42cce9510
Event: 295.680 Thread 0x000001e427fd2dd0 flushing  nmethod 0x000001e42cceaf90
Event: 295.680 Thread 0x000001e427fd2dd0 flushing  nmethod 0x000001e42ccf4390
Event: 295.680 Thread 0x000001e427fd2dd0 flushing  nmethod 0x000001e42ccf6490

Events (20 events):
Event: 5877.462 Thread 0x000001e494d3f980 Thread exited: 0x000001e494d3f980
Event: 5877.469 Thread 0x000001e4280fb2c0 Thread added: 0x000001e494d41b90
Event: 5877.532 Thread 0x000001e486b2c6a0 Thread added: 0x000001e486b2cd30
Event: 5882.534 Thread 0x000001e494d41b90 Thread exited: 0x000001e494d41b90
Event: 5937.570 Thread 0x000001e486b2c6a0 Thread exited: 0x000001e486b2c6a0
Event: 5997.574 Thread 0x000001e486b2cd30 Thread exited: 0x000001e486b2cd30
Event: 6177.538 Thread 0x000001e48730cad0 Thread exited: 0x000001e48730cad0
Event: 6477.550 Thread 0x000001e487f58020 Thread exited: 0x000001e487f58020
Event: 6777.556 Thread 0x000001e487f565e0 Thread exited: 0x000001e487f565e0
Event: 6958.832 Thread 0x000001e48812f9d0 Thread added: 0x000001e486b2c6a0
Event: 6959.007 Thread 0x000001e4280fb2c0 Thread added: 0x000001e494d41b90
Event: 6959.634 Thread 0x000001e494d41b90 Thread exited: 0x000001e494d41b90
Event: 6969.158 Thread 0x000001e486b2c6a0 Thread added: 0x000001e486b2da50
Event: 6969.210 Thread 0x000001e4280fb2c0 Thread added: 0x000001e494d41b90
Event: 6969.264 Thread 0x000001e48812f9d0 Thread added: 0x000001e486b2cd30
Event: 6974.524 Thread 0x000001e494d41b90 Thread exited: 0x000001e494d41b90
Event: 6985.521 Thread 0x000001e48812f9d0 Thread added: 0x000001e48b1ccf20
Event: 6985.698 Thread 0x000001e4280fb2c0 Thread added: 0x000001e494d41b90
Event: 6985.698 Thread 0x000001e4280fb2c0 Thread added: 0x000001e488773df0
Event: 6985.812 Thread 0x000001e486b2cd30 Thread added: 0x000001e48b1cfd10


Dynamic libraries:
0x00007ff6afa70000 - 0x00007ff6afa7e000 	c:\Users\bedip\.antigravity-ide\extensions\redhat.java-1.55.0-win32-x64\jre\21.0.11-win32-x86_64\bin\java.exe
0x00007ffe815e0000 - 0x00007ffe81846000 	C:\WINDOWS\SYSTEM32\ntdll.dll
0x00007ffe80610000 - 0x00007ffe806d9000 	C:\WINDOWS\System32\KERNEL32.DLL
0x00007ffe7e830000 - 0x00007ffe7ec30000 	C:\WINDOWS\System32\KERNELBASE.dll
0x00007ffe7ed00000 - 0x00007ffe7ee4c000 	C:\WINDOWS\System32\ucrtbase.dll
0x00007ffdf9df0000 - 0x00007ffdf9e0e000 	c:\Users\bedip\.antigravity-ide\extensions\redhat.java-1.55.0-win32-x64\jre\21.0.11-win32-x86_64\bin\VCRUNTIME140.dll
0x00007ffe02fb0000 - 0x00007ffe02fc8000 	c:\Users\bedip\.antigravity-ide\extensions\redhat.java-1.55.0-win32-x64\jre\21.0.11-win32-x86_64\bin\jli.dll
0x00007ffe7f9a0000 - 0x00007ffe7fb67000 	C:\WINDOWS\System32\USER32.dll
0x00007ffe59cf0000 - 0x00007ffe59f82000 	C:\WINDOWS\WinSxS\amd64_microsoft.windows.common-controls_6595b64144ccf1df_6.0.26100.8737_none_3e092eaee333b772\COMCTL32.dll
0x00007ffe7f8f0000 - 0x00007ffe7f999000 	C:\WINDOWS\System32\msvcrt.dll
0x00007ffe7e800000 - 0x00007ffe7e827000 	C:\WINDOWS\System32\win32u.dll
0x00007ffe81570000 - 0x00007ffe8159b000 	C:\WINDOWS\System32\GDI32.dll
0x00007ffe7ef10000 - 0x00007ffe7f039000 	C:\WINDOWS\System32\gdi32full.dll
0x00007ffe7ee60000 - 0x00007ffe7ef03000 	C:\WINDOWS\System32\msvcp_win.dll
0x00007ffe805d0000 - 0x00007ffe80602000 	C:\WINDOWS\System32\IMM32.DLL
0x00007ffe46280000 - 0x00007ffe4628c000 	c:\Users\bedip\.antigravity-ide\extensions\redhat.java-1.55.0-win32-x64\jre\21.0.11-win32-x86_64\bin\vcruntime140_1.dll
0x00007ffdec970000 - 0x00007ffdec9fd000 	c:\Users\bedip\.antigravity-ide\extensions\redhat.java-1.55.0-win32-x64\jre\21.0.11-win32-x86_64\bin\msvcp140.dll
0x00007ffde8380000 - 0x00007ffde9122000 	c:\Users\bedip\.antigravity-ide\extensions\redhat.java-1.55.0-win32-x64\jre\21.0.11-win32-x86_64\bin\server\jvm.dll
0x00007ffe80430000 - 0x00007ffe804e7000 	C:\WINDOWS\System32\ADVAPI32.dll
0x00007ffe812f0000 - 0x00007ffe8139a000 	C:\WINDOWS\System32\sechost.dll
0x00007ffe80310000 - 0x00007ffe80428000 	C:\WINDOWS\System32\RPCRT4.dll
0x00007ffe7f310000 - 0x00007ffe7f390000 	C:\WINDOWS\System32\WS2_32.dll
0x00007ffe7e030000 - 0x00007ffe7e08e000 	C:\WINDOWS\SYSTEM32\POWRPROF.dll
0x00007ffe72cf0000 - 0x00007ffe72cfb000 	C:\WINDOWS\SYSTEM32\VERSION.dll
0x00007ffe6ab70000 - 0x00007ffe6aba6000 	C:\WINDOWS\SYSTEM32\WINMM.dll
0x00007ffe7e010000 - 0x00007ffe7e024000 	C:\WINDOWS\SYSTEM32\UMPDC.dll
0x00007ffe7d4b0000 - 0x00007ffe7d4cb000 	C:\WINDOWS\SYSTEM32\kernel.appcore.dll
0x00007ffe2f370000 - 0x00007ffe2f37a000 	c:\Users\bedip\.antigravity-ide\extensions\redhat.java-1.55.0-win32-x64\jre\21.0.11-win32-x86_64\bin\jimage.dll
0x00007ffe7bab0000 - 0x00007ffe7bcf2000 	C:\WINDOWS\SYSTEM32\DBGHELP.DLL
0x00007ffe80f60000 - 0x00007ffe812e3000 	C:\WINDOWS\System32\combase.dll
0x00007ffe804f0000 - 0x00007ffe805c9000 	C:\WINDOWS\System32\OLEAUT32.dll
0x00007ffe53940000 - 0x00007ffe5397b000 	C:\WINDOWS\SYSTEM32\dbgcore.DLL
0x00007ffe7ec40000 - 0x00007ffe7ecec000 	C:\WINDOWS\System32\bcryptPrimitives.dll
0x00007ffe16fe0000 - 0x00007ffe16fef000 	c:\Users\bedip\.antigravity-ide\extensions\redhat.java-1.55.0-win32-x64\jre\21.0.11-win32-x86_64\bin\instrument.dll
0x00007ffdf87d0000 - 0x00007ffdf87f0000 	c:\Users\bedip\.antigravity-ide\extensions\redhat.java-1.55.0-win32-x64\jre\21.0.11-win32-x86_64\bin\java.dll
0x00007ffe7fb70000 - 0x00007ffe80302000 	C:\WINDOWS\System32\SHELL32.dll
0x00007ffe7c260000 - 0x00007ffe7caf2000 	C:\WINDOWS\SYSTEM32\windows.storage.dll
0x00007ffe7f410000 - 0x00007ffe7f507000 	C:\WINDOWS\System32\SHCORE.dll
0x00007ffe81500000 - 0x00007ffe81567000 	C:\WINDOWS\System32\shlwapi.dll
0x00007ffe7e720000 - 0x00007ffe7e749000 	C:\WINDOWS\SYSTEM32\profapi.dll
0x00007ffdf87b0000 - 0x00007ffdf87c8000 	c:\Users\bedip\.antigravity-ide\extensions\redhat.java-1.55.0-win32-x64\jre\21.0.11-win32-x86_64\bin\zip.dll
0x00007ffe12d00000 - 0x00007ffe12d10000 	C:\Users\bedip\.antigravity-ide\extensions\redhat.java-1.55.0-win32-x64\jre\21.0.11-win32-x86_64\bin\net.dll
0x00007ffe75920000 - 0x00007ffe75a49000 	C:\WINDOWS\SYSTEM32\WINHTTP.dll
0x00007ffe7da70000 - 0x00007ffe7dadc000 	C:\WINDOWS\system32\mswsock.dll
0x00007ffdeca90000 - 0x00007ffdecaa6000 	C:\Users\bedip\.antigravity-ide\extensions\redhat.java-1.55.0-win32-x64\jre\21.0.11-win32-x86_64\bin\nio.dll
0x00007ffe10230000 - 0x00007ffe10240000 	c:\Users\bedip\.antigravity-ide\extensions\redhat.java-1.55.0-win32-x64\jre\21.0.11-win32-x86_64\bin\verify.dll
0x00007ffdec2e0000 - 0x00007ffdec325000 	C:\Users\bedip\AppData\Roaming\Antigravity IDE\User\globalStorage\redhat.java\1.55.0\config_win\org.eclipse.equinox.launcher\org.eclipse.equinox.launcher.win32.win32.x86_64_1.3.100.v20260613-0559\eclipse_11924.dll
0x00007ffe7f750000 - 0x00007ffe7f8e9000 	C:\WINDOWS\System32\ole32.dll
0x00007ffe7ddb0000 - 0x00007ffe7ddcb000 	C:\WINDOWS\SYSTEM32\CRYPTSP.dll
0x00007ffe7d410000 - 0x00007ffe7d449000 	C:\WINDOWS\system32\rsaenh.dll
0x00007ffe7db50000 - 0x00007ffe7db82000 	C:\WINDOWS\SYSTEM32\USERENV.dll
0x00007ffe7e6f0000 - 0x00007ffe7e71a000 	C:\WINDOWS\SYSTEM32\bcrypt.dll
0x00007ffe7dd90000 - 0x00007ffe7dd9c000 	C:\WINDOWS\SYSTEM32\CRYPTBASE.dll
0x00007ffe7ce50000 - 0x00007ffe7ce83000 	C:\WINDOWS\SYSTEM32\IPHLPAPI.DLL
0x00007ffe80f50000 - 0x00007ffe80f5a000 	C:\WINDOWS\System32\NSI.dll
0x00007ffdecb90000 - 0x00007ffdecbd9000 	C:\Users\bedip\AppData\Local\Temp\jna-93613416\jna10022322276485168634.dll
0x00007ffe80ea0000 - 0x00007ffe80ea8000 	C:\WINDOWS\System32\PSAPI.DLL
0x00007ffe76040000 - 0x00007ffe7605d000 	C:\WINDOWS\SYSTEM32\dhcpcsvc6.DLL
0x00007ffe75ea0000 - 0x00007ffe75ec5000 	C:\WINDOWS\SYSTEM32\dhcpcsvc.DLL
0x00007ffe73820000 - 0x00007ffe7382e000 	C:\Users\bedip\.antigravity-ide\extensions\redhat.java-1.55.0-win32-x64\jre\21.0.11-win32-x86_64\bin\sunmscapi.dll
0x00007ffe7f040000 - 0x00007ffe7f1b8000 	C:\WINDOWS\System32\CRYPT32.dll
0x00007ffe7e0f0000 - 0x00007ffe7e120000 	C:\WINDOWS\SYSTEM32\ncrypt.dll
0x00007ffe7e0a0000 - 0x00007ffe7e0df000 	C:\WINDOWS\SYSTEM32\NTASN1.dll
0x00007ffe7cee0000 - 0x00007ffe7d035000 	C:\WINDOWS\SYSTEM32\DNSAPI.dll
0x00007ffe7d870000 - 0x00007ffe7d87d000 	C:\WINDOWS\SYSTEM32\DSPARSE.dll
0x00007ffe74dd0000 - 0x00007ffe74ddb000 	C:\Windows\System32\rasadhlp.dll
0x00007ffe761f0000 - 0x00007ffe76276000 	C:\WINDOWS\System32\fwpuclnt.dll
0x00007ffe2bf90000 - 0x00007ffe2bf99000 	C:\Users\bedip\.antigravity-ide\extensions\redhat.java-1.55.0-win32-x64\jre\21.0.11-win32-x86_64\bin\extnet.dll

JVMTI agents:
c:\Users\bedip\.antigravity-ide\extensions\redhat.java-1.55.0-win32-x64\lombok\lombok-1.18.39-4050.jar path:c:\Users\bedip\.antigravity-ide\extensions\redhat.java-1.55.0-win32-x64\jre\21.0.11-win32-x86_64\bin\instrument.dll, loaded, initialized, instrumentlib options:none

dbghelp: loaded successfully - version: 4.0.5 - missing functions: none
symbol engine: initialized successfully - sym options: 0x614 - pdb path: .;c:\Users\bedip\.antigravity-ide\extensions\redhat.java-1.55.0-win32-x64\jre\21.0.11-win32-x86_64\bin;C:\WINDOWS\SYSTEM32;C:\WINDOWS\WinSxS\amd64_microsoft.windows.common-controls_6595b64144ccf1df_6.0.26100.8737_none_3e092eaee333b772;c:\Users\bedip\.antigravity-ide\extensions\redhat.java-1.55.0-win32-x64\jre\21.0.11-win32-x86_64\bin\server;C:\Users\bedip\AppData\Roaming\Antigravity IDE\User\globalStorage\redhat.java\1.55.0\config_win\org.eclipse.equinox.launcher\org.eclipse.equinox.launcher.win32.win32.x86_64_1.3.100.v20260613-0559;C:\Users\bedip\AppData\Local\Temp\jna-93613416

VM Arguments:
jvm_args: --add-modules=ALL-SYSTEM --add-opens=java.base/java.util=ALL-UNNAMED --add-opens=java.base/java.lang=ALL-UNNAMED --add-opens=java.base/sun.nio.fs=ALL-UNNAMED -Declipse.application=org.eclipse.jdt.ls.core.id1 -Dosgi.bundles.defaultStartLevel=4 -Declipse.product=org.eclipse.jdt.ls.core.product -Djava.import.generatesMetadataFilesAtProjectRoot=false -DDetectVMInstallationsJob.disabled=true -Dfile.encoding=utf8 -XX:+UseParallelGC -XX:GCTimeRatio=4 -XX:AdaptiveSizePolicyWeight=90 -Dsun.zip.disableMemoryMapping=true -Xmx2G -Xms100m -Xlog:disable -javaagent:c:\Users\bedip\.antigravity-ide\extensions\redhat.java-1.55.0-win32-x64\lombok\lombok-1.18.39-4050.jar -XX:+HeapDumpOnOutOfMemoryError -XX:HeapDumpPath=c:\Users\bedip\AppData\Roaming\Antigravity IDE\User\workspaceStorage\630dc4ba4b6e81da83a7e6eea18f3f40\redhat.java -Daether.dependencyCollector.impl=bf 
java_command: c:\Users\bedip\.antigravity-ide\extensions\redhat.java-1.55.0-win32-x64\server\plugins\org.eclipse.equinox.launcher_1.7.200.v20260619-2039.jar -configuration c:\Users\bedip\AppData\Roaming\Antigravity IDE\User\globalStorage\redhat.java\1.55.0\config_win -data c:\Users\bedip\AppData\Roaming\Antigravity IDE\User\workspaceStorage\630dc4ba4b6e81da83a7e6eea18f3f40\redhat.java\jdt_ws --pipe=\\.\pipe\lsp-6dfb606679b280434bb333c949cecad9-sock
java_class_path (initial): c:\Users\bedip\.antigravity-ide\extensions\redhat.java-1.55.0-win32-x64\server\plugins\org.eclipse.equinox.launcher_1.7.200.v20260619-2039.jar
Launcher Type: SUN_STANDARD

[Global flags]
    uintx AdaptiveSizePolicyWeight                 = 90                                        {product} {command line}
     intx CICompilerCount                          = 4                                         {product} {ergonomic}
    uintx GCTimeRatio                              = 4                                         {product} {command line}
     bool HeapDumpOnOutOfMemoryError               = true                                   {manageable} {command line}
    ccstr HeapDumpPath                             = c:\Users\bedip\AppData\Roaming\Antigravity IDE\User\workspaceStorage\630dc4ba4b6e81da83a7e6eea18f3f40\redhat.java         {manageable} {command line}
   size_t InitialHeapSize                          = 104857600                                 {product} {command line}
   size_t MaxHeapSize                              = 2147483648                                {product} {command line}
   size_t MaxNewSize                               = 715653120                                 {product} {ergonomic}
   size_t MinHeapDeltaBytes                        = 524288                                    {product} {ergonomic}
   size_t MinHeapSize                              = 104857600                                 {product} {command line}
   size_t NewSize                                  = 34603008                                  {product} {ergonomic}
    uintx NonNMethodCodeHeapSize                   = 5839372                                {pd product} {ergonomic}
    uintx NonProfiledCodeHeapSize                  = 122909434                              {pd product} {ergonomic}
   size_t OldSize                                  = 70254592                                  {product} {ergonomic}
    uintx ProfiledCodeHeapSize                     = 122909434                              {pd product} {ergonomic}
    uintx ReservedCodeCacheSize                    = 251658240                              {pd product} {ergonomic}
     bool SegmentedCodeCache                       = true                                      {product} {ergonomic}
   size_t SoftMaxHeapSize                          = 2147483648                             {manageable} {ergonomic}
     bool UseCompressedOops                        = true                           {product lp64_product} {ergonomic}
     bool UseLargePagesIndividualAllocation        = false                                  {pd product} {ergonomic}
     bool UseParallelGC                            = true                                      {product} {command line}

Logging:
Log output configuration:
 #0: stdout all=off uptime,level,tags foldmultilines=false
 #1: stderr all=off uptime,level,tags foldmultilines=false

Release file:
JAVA_VERSION="21.0.11" 
MODULES="java.base java.compiler java.datatransfer java.xml java.prefs java.desktop java.instrument java.logging java.management java.security.sasl java.naming java.rmi java.management.rmi java.net.http java.scripting java.security.jgss java.transaction.xa java.sql java.sql.rowset java.xml.crypto java.se java.smartcardio jdk.accessibility jdk.internal.jvmstat jdk.attach jdk.charsets jdk.internal.opt jdk.zipfs jdk.compiler jdk.crypto.ec jdk.crypto.cryptoki jdk.crypto.mscapi jdk.dynalink jdk.internal.ed jdk.editpad jdk.hotspot.agent jdk.httpserver jdk.internal.le jdk.internal.vm.ci jdk.internal.vm.compiler jdk.internal.vm.compiler.management jdk.jartool jdk.javadoc jdk.jcmd jdk.management jdk.management.agent jdk.jconsole jdk.jdeps jdk.jdwp.agent jdk.jdi jdk.jfr jdk.jshell jdk.jsobject jdk.jstatd jdk.localedata jdk.management.jfr jdk.naming.dns jdk.naming.rmi jdk.net jdk.nio.mapmode jdk.random jdk.sctp jdk.security.auth jdk.security.jgss jdk.unsupported jdk.unsupported.desktop jdk.xml.dom" 

Environment Variables:
PATH=C:\Program Files\Common Files\Oracle\Java\javapath;C:\windows\system32;C:\windows;C:\windows\System32\Wbem;C:\windows\System32\WindowsPowerShell\v1.0\;C:\windows\System32\OpenSSH\;C:\Program Files (x86)\NVIDIA Corporation\PhysX\Common;C:\Program Files\NVIDIA Corporation\NVIDIA NvDLISR;C:\Users\Administrator\AppData\Local\Microsoft\WindowsApps;C:\Program Files\HP\OMEN-Broadcast\Common;C:\WINDOWS\system32;C:\WINDOWS;C:\WINDOWS\System32\Wbem;C:\WINDOWS\System32\WindowsPowerShell\v1.0\;C:\WINDOWS\System32\OpenSSH\;C:\MinGW\bin;C:\Program Files\dotnet\;C:\Program Files (x86)\Windows Kits\10\Windows Performance Toolkit\;C:\Program Files\Java\jdk-24\bin;C:\Program Files\Git\cmd;C:\Program Files\nodejs\;C:\Users\bedip\AppData\Local\Programs\Python\Python314\Scripts\;C:\Users\bedip\AppData\Local\Programs\Python\Python314\;C:\Users\bedip\AppData\Local\Programs\Python\Launcher\;C:\Program Files\MySQL\MySQL Shell 8.0\bin\;C:\Users\bedip\AppData\Local\Microsoft\WindowsApps;C:\MinGW\mingw32\bin;C:\Users\bedip\AppData\Local\Programs\Microsoft VS Code\bin;C:\Users\bedip\AppData\Local\Programs\Antigravity\bin;C:\Users\bedip\AppData\Local\Python\bin;C:\Users\bedip\AppData\Local\Programs\Antigravity IDE\bin;C:\Users\bedip\AppData\Roaming\npm;C:\Users\bedip\AppData\Local\Programs\cursor\resources\app\bin
USERNAME=bedip
OS=Windows_NT
PROCESSOR_IDENTIFIER=Intel64 Family 6 Model 154 Stepping 3, GenuineIntel
TMP=C:\Users\bedip\AppData\Local\Temp
TEMP=C:\Users\bedip\AppData\Local\Temp




Periodic native trim disabled

---------------  S Y S T E M  ---------------

OS:
 Windows 11 , 64 bit Build 26100 (10.0.26100.8737)
OS uptime: 1 days 23:37 hours
Hyper-V role detected

CPU: total 12 (initial active 12) (6 cores per cpu, 2 threads per core) family 6 model 154 stepping 3 microcode 0x437, cx8, cmov, fxsr, ht, mmx, 3dnowpref, sse, sse2, sse3, ssse3, sse4.1, sse4.2, popcnt, lzcnt, tsc, tscinvbit, avx, avx2, aes, erms, clmul, bmi1, bmi2, adx, sha, fma, vzeroupper, clflush, clflushopt, clwb, hv, serialize, rdtscp, rdpid, fsrm, f16c, cet_ibt, cet_ss
Processor Information for the first 12 processors :
  Max Mhz: 2000, Current Mhz: 2000, Mhz Limit: 2000

Memory: 4k page, system-wide physical 16024M (1953M free)
TotalPageFile size 22598M (AvailPageFile size 9M)
current process WorkingSet (physical memory assigned to process): 364M, peak: 991M
current process commit charge ("private bytes"): 920M, peak: 931M

vm_info: OpenJDK 64-Bit Server VM (21.0.11+10-LTS) for windows-amd64 JRE (21.0.11+10-LTS), built on 2026-04-21T00:00:00Z by "admin" with MS VC++ 17.12 (VS2022)

END.
